2021-07-20T17:19:22.594Z info: started
2021-07-20T17:20:11.083Z info: started
2021-07-28T06:58:47.309Z info: started
2021-07-28T06:59:00.395Z info: started
2021-07-28T06:59:58.214Z info: started
2021-07-28T07:01:00.284Z info: Parsing started. Id: 1
2021-07-28T07:01:11.172Z info: Parsing ended. Id: 1
2021-07-28T07:02:00.957Z info: Parsing started. Id: 1
2021-07-28T07:02:08.442Z info: Parsing ended. Id: 1
2021-07-28T07:03:00.586Z info: Parsing started. Id: 1
2021-07-28T07:03:07.567Z info: Parsing ended. Id: 1
2021-07-28T07:04:00.312Z info: Parsing started. Id: 1
2021-07-28T07:04:08.282Z info: Parsing ended. Id: 1
2021-07-28T07:05:00.401Z info: Parsing started. Id: 1
2021-07-28T07:05:09.006Z info: Parsing ended. Id: 1
2021-07-28T07:06:00.167Z info: Parsing started. Id: 1
2021-07-28T07:06:11.302Z info: Parsing ended. Id: 1
2021-07-28T07:07:00.462Z info: Parsing started. Id: 1
2021-07-28T07:07:11.458Z info: Parsing ended. Id: 1
2021-07-28T07:08:00.630Z info: Parsing started. Id: 1
2021-07-28T07:08:08.135Z info: Parsing ended. Id: 1
2021-07-28T07:09:00.305Z info: Parsing started. Id: 1
2021-07-28T07:09:09.155Z info: Parsing ended. Id: 1
2021-07-28T07:10:00.663Z info: Parsing started. Id: 1
2021-07-28T07:10:08.107Z info: Parsing ended. Id: 1
2021-07-28T07:11:00.481Z info: Parsing started. Id: 1
2021-07-28T07:11:08.586Z info: Parsing ended. Id: 1
2021-07-28T07:12:00.767Z info: Parsing started. Id: 1
2021-07-28T07:12:09.877Z info: Parsing ended. Id: 1
2021-07-28T07:13:00.020Z info: Parsing started. Id: 1
2021-07-28T07:13:09.462Z info: Parsing ended. Id: 1
2021-07-28T07:14:00.636Z info: Parsing started. Id: 1
2021-07-28T07:14:11.090Z info: Parsing ended. Id: 1
2021-07-28T07:15:00.287Z info: Parsing started. Id: 1
2021-07-28T07:15:09.781Z info: Parsing ended. Id: 1
2021-07-28T07:16:00.459Z info: Parsing started. Id: 1
2021-07-28T07:16:10.761Z info: Parsing ended. Id: 1
2021-07-28T07:17:00.947Z info: Parsing started. Id: 1
2021-07-28T07:17:09.580Z info: Parsing ended. Id: 1
2021-07-28T07:18:00.751Z info: Parsing started. Id: 1
2021-07-28T07:18:13.046Z info: Parsing ended. Id: 1
2021-07-28T07:19:00.352Z info: Parsing started. Id: 1
2021-07-28T07:19:10.103Z info: Parsing ended. Id: 1
2021-07-28T07:20:00.299Z info: Parsing started. Id: 1
2021-07-28T07:20:08.381Z info: Parsing ended. Id: 1
2021-07-28T07:21:00.565Z info: Parsing started. Id: 1
2021-07-28T07:21:07.884Z info: Parsing ended. Id: 1
2021-07-28T07:22:00.445Z info: Parsing started. Id: 1
2021-07-28T07:22:08.868Z info: Parsing ended. Id: 1
2021-07-28T07:23:00.040Z info: Parsing started. Id: 1
2021-07-28T07:23:08.308Z info: Parsing ended. Id: 1
2021-07-28T07:24:00.506Z info: Parsing started. Id: 1
2021-07-28T07:24:09.213Z info: Parsing ended. Id: 1
2021-07-28T07:25:00.405Z info: Parsing started. Id: 1
2021-07-28T07:25:10.345Z info: Parsing ended. Id: 1
2021-07-28T07:26:00.860Z info: Parsing started. Id: 1
2021-07-28T07:26:08.799Z info: Parsing ended. Id: 1
2021-07-28T07:27:00.216Z info: Parsing started. Id: 1
2021-07-28T07:27:10.030Z info: Parsing ended. Id: 1
2021-07-28T07:51:13.406Z info: started
2021-07-28T07:51:23.967Z info: started
2021-07-28T07:52:00.568Z info: Parsing started. Id: 1
2021-07-28T07:52:09.272Z info: Parsing ended. Id: 1
2021-07-28T07:53:00.477Z info: Parsing started. Id: 1
2021-07-28T07:53:07.541Z info: Parsing ended. Id: 1
2021-07-28T07:54:00.927Z info: Parsing started. Id: 1
2021-07-28T07:54:08.148Z info: Parsing ended. Id: 1
2021-07-28T07:55:00.544Z info: Parsing started. Id: 1
2021-07-28T07:55:09.145Z info: Parsing ended. Id: 1
2021-07-28T07:56:00.375Z info: Parsing started. Id: 1
2021-07-28T07:56:08.373Z info: Parsing ended. Id: 1
2021-07-28T07:57:00.563Z info: Parsing started. Id: 1
2021-07-28T07:57:09.416Z info: Parsing ended. Id: 1
2021-07-28T07:58:00.613Z info: Parsing started. Id: 1
2021-07-28T07:58:09.347Z info: Parsing ended. Id: 1
2021-07-28T07:59:00.508Z info: Parsing started. Id: 1
2021-07-28T07:59:08.744Z info: Parsing ended. Id: 1
2021-07-28T08:00:00.917Z info: Parsing started. Id: 1
2021-07-28T08:00:09.774Z info: Parsing ended. Id: 1
2021-07-28T08:01:35.691Z info: started
2021-07-28T08:02:00.206Z info: Parsing started. Id: 1
2021-07-28T08:02:10.277Z info: Parsing ended. Id: 1
2021-07-28T08:02:28.845Z info: started
2021-07-28T08:02:56.480Z info: started
2021-07-28T08:03:00.015Z info: Parsing started. Id: 1
2021-07-28T08:03:08.165Z info: Parsing ended. Id: 1
2021-07-28T08:03:47.382Z info: started
2021-07-28T08:04:00.909Z info: Parsing started. Id: 1
2021-07-28T08:04:09.403Z info: Parsing ended. Id: 1
2021-07-28T08:04:21.998Z info: started
2021-07-28T08:04:24.450Z info: restarting because links had been added
2021-07-28T08:04:55.372Z info: started
2021-07-28T08:04:58.458Z info: restarting because links had been added
2021-07-28T08:04:58.527Z info: restarted
2021-07-28T08:05:00.537Z info: Parsing started. Id: 1
2021-07-28T08:05:09.878Z info: Parsing ended. Id: 1
2021-07-28T08:05:20.602Z info: started
2021-07-28T08:05:22.993Z info: restarting because links had been added
2021-07-28T08:05:23.030Z info: restarted
2021-07-28T08:05:27.045Z info: restarting because links had been added
2021-07-28T08:05:27.089Z info: restarted
2021-07-28T08:06:00.243Z info: Parsing started. Id: 1
2021-07-28T08:06:08.991Z info: Parsing ended. Id: 1
2021-07-28T08:06:32.948Z info: started
2021-07-28T08:06:34.328Z info: Links loaded, ids: 1
2021-07-28T08:07:00.439Z info: Parsing started. Id: 1
2021-07-28T08:07:08.927Z info: Parsing ended. Id: 1
2021-07-28T08:07:11.003Z info: started
2021-07-28T08:07:12.576Z info: Links loaded, ids: 1
2021-07-28T08:07:42.548Z info: restarting because links had been added
2021-07-28T08:07:42.590Z info: Links loaded, ids: 1, 2
2021-07-28T08:07:42.596Z info: restarted
2021-07-28T08:08:00.683Z info: Parsing started. Id: 1
2021-07-28T08:08:00.687Z info: Parsing started. Id: 2
2021-07-28T08:08:10.853Z info: started
2021-07-28T08:08:12.504Z info: Links loaded, ids: 1, 2
2021-07-28T08:08:24.155Z info: {"event":"entry.update","created_at":"2021-07-28T08:08:24.151Z","model":"links","entry":{"id":2,"url":"https://www.cian.ru/cat.php?deal_type=sale&engine_version=2&newobject%5B0%5D=5495&offer_type=flat&p=1&room1=1&room2=1&room3=1&room4=1&room5=1&room6=1&room7=1&room9=1","mode":"parse_first_pages","firstAction":"dont_add_first_parse","responsible":1,"isFirstParse":true,"frequency":"* * * * *","created_at":"2021-07-28T08:07:42.527Z","updated_at":"2021-07-28T08:08:24.146Z"}}
2021-07-28T08:08:24.155Z info: restarting because links had been added
2021-07-28T08:08:24.196Z info: Links loaded, ids: 1, 2
2021-07-28T08:08:24.198Z info: restarted
2021-07-28T08:09:00.355Z info: Parsing started. Id: 1
2021-07-28T08:09:00.361Z info: Parsing started. Id: 2
2021-07-28T08:09:10.426Z info: started
2021-07-28T08:09:11.898Z info: Links loaded, ids: 1, 2
2021-07-28T08:09:17.077Z info: started
2021-07-28T08:09:18.284Z info: Links loaded, ids: 1, 2
2021-07-28T08:09:25.488Z info: restarting because links had been modified
2021-07-28T08:09:25.540Z info: Links loaded, ids: 1, 2
2021-07-28T08:09:25.543Z info: restarted
2021-07-28T08:09:43.492Z info: restarting because links had been modified
2021-07-28T08:09:43.528Z info: Links loaded, ids: 1
2021-07-28T08:09:43.532Z info: restarted
2021-07-28T08:10:00.607Z info: Parsing started. Id: 1
2021-07-28T08:10:09.047Z info: Parsing ended. Id: 1
2021-07-28T08:11:00.664Z info: Parsing started. Id: 1
2021-07-28T08:11:09.485Z info: Parsing ended. Id: 1
2021-07-28T08:11:27.458Z info: started
2021-07-28T08:11:28.867Z info: Links loaded, ids: 1
